<?xml version="1.0" encoding="UTF-8"?>
<testng-results ignored="0" total="1" passed="1" failed="0" skipped="0">
  <reporter-output>
  </reporter-output>
  <suite started-at="2024-03-14T12:04:57 IST" name="Suite" finished-at="2024-03-14T12:05:16 IST" duration-ms="18975">
    <groups>
    </groups>
    <test started-at="2024-03-14T12:04:57 IST" name="Test" finished-at="2024-03-14T12:05:16 IST" duration-ms="18975">
      <class name="com.automation.testcases.LoginTest">
        <test-method is-config="true" signature="setupsuite()[pri:0, instance:com.automation.testcases.LoginTest@6a2b953e]" started-at="2024-03-14T12:04:56 IST" name="setupsuite" finished-at="2024-03-14T12:04:57 IST" duration-ms="1195" status="PASS">
          <reporter-output>
          </reporter-output>
        </test-method> <!-- setupsuite -->
        <test-method is-config="true" signature="setup()[pri:0, instance:com.automation.testcases.LoginTest@6a2b953e]" started-at="2024-03-14T12:04:57 IST" name="setup" finished-at="2024-03-14T12:05:12 IST" duration-ms="14708" status="PASS">
          <reporter-output>
          </reporter-output>
        </test-method> <!-- setup -->
        <test-method is-config="true" signature="teardownmethod(org.testng.ITestResult)[pri:0, instance:com.automation.testcases.LoginTest@6a2b953e]" started-at="2024-03-14T12:05:12 IST" name="teardownmethod" finished-at="2024-03-14T12:05:12 IST" duration-ms="8" status="PASS">
          <params>
            <param index="0">
              <value>
                <![CDATA[[TestResult name={null} status=CREATED method=LoginTest.loginapp()[pri:0, instance:com.automation.testcases.LoginTest@6a2b953e] output={null}]]]>
              </value>
            </param>
          </params>
          <reporter-output>
          </reporter-output>
        </test-method> <!-- teardownmethod -->
        <test-method signature="loginapp()[pri:0, instance:com.automation.testcases.LoginTest@6a2b953e]" started-at="2024-03-14T12:05:12 IST" name="loginapp" finished-at="2024-03-14T12:05:16 IST" duration-ms="4204" status="PASS">
          <reporter-output>
          </reporter-output>
        </test-method> <!-- loginapp -->
        <test-method is-config="true" signature="teardown()[pri:0, instance:com.automation.testcases.LoginTest@6a2b953e]" started-at="2024-03-14T12:05:16 IST" name="teardown" finished-at="2024-03-14T12:05:16 IST" duration-ms="0" status="PASS">
          <reporter-output>
          </reporter-output>
        </test-method> <!-- teardown -->
      </class> <!-- com.automation.testcases.LoginTest -->
    </test> <!-- Test -->
  </suite> <!-- Suite -->
</testng-results>
